<?xml version="1.0" encoding="UTF-8"?>
<!-- Generated by org.testng.reporters.JUnitReportReporter -->
<testsuite hostname="DESKTOP-P84P95T" failures="0" tests="1" name="Runner.testNgRunner" time="27.024" errors="0" timestamp="2023-01-11T15:28:17 IST" skipped="0">
  <testcase classname="Runner.testNgRunner" name="runScenario" time="27.024"/>
  <system-out/>
</testsuite> <!-- Runner.testNgRunner -->
