<?xml version="1.0" encoding="UTF-8"?>
<!-- Generated by org.testng.reporters.JUnitReportReporter -->
<testsuite hostname="DESKTOP-P84P95T" failures="0" tests="1" name="tests.LoginTest" time="23.686" errors="0" timestamp="2023-01-11T12:58:00 IST" skipped="0">
  <testcase classname="tests.LoginTest" name="login" time="23.686"/>
  <system-out/>
</testsuite> <!-- tests.LoginTest -->
