<?xml version="1.0" encoding="UTF-8"?>
<!-- Generated by org.testng.reporters.JUnitReportReporter -->
<testsuite hostname="DESKTOP-P84P95T" failures="0" tests="2" name="tests.LoginTest2Dataprovider" time="42.105" errors="0" timestamp="2023-01-11T12:58:00 IST" skipped="0">
  <testcase classname="tests.LoginTest2Dataprovider" name="login" time="31.429"/>
  <system-out/>
  <testcase classname="tests.LoginTest2Dataprovider" name="login" time="10.676"/>
  <system-out/>
</testsuite> <!-- tests.LoginTest2Dataprovider -->
