<?xml version="1.0" encoding="UTF-8"?>
<!-- Generated by org.testng.reporters.JUnitReportReporter -->
<testsuite hostname="DESKTOP-P84P95T" failures="0" tests="2" name="tests.LoginTest2Dataprovider" time="42.448" errors="0" timestamp="2023-01-11T15:35:52 IST" skipped="0">
  <testcase classname="tests.LoginTest2Dataprovider" name="login" time="15.127"/>
  <system-out/>
  <testcase classname="tests.LoginTest2Dataprovider" name="login" time="27.321"/>
  <system-out/>
</testsuite> <!-- tests.LoginTest2Dataprovider -->
